<testsuites>
	<testsuite id="1" tests="7" failures="1" package="/home/varadhya/workspace/src/github.com/release-tests/specs/pipelines/run.spec" time="193.328" timestamp="2021-05-14T00:44:08" name="Verify Pipeline E2E spec" errors="0" hostname="localhost.localdomain">
		<properties></properties>
		<testcase classname="Verify Pipeline E2E spec" name="Run sample pipeline: P-01-TC01" time="38.789">
			<failure message="Create&#xA;Step Execution Failure: &#39;[assertion failed: &#xA;Command:  oc create -f /home/varadhya/workspace/src/github.com/release-tests/testdata/v1alpha1/pipelinerun/pipelineruns.yaml -n releasetest-79xkl&#xA;ExitCode: 1&#xA;Error:    exit status 1&#xA;Stdout:   &#xA;Stderr:   error: the path &#34;/home/varadhya/workspace/src/github.com/release-tests/testdata/v1alpha1/pipelinerun/pipelineruns.yaml&#34; does not exist&#xA;&#xA;&#xA;Failures:&#xA;ExitCode was 1 expected 0&#xA;Expected no error]&#39;" type="Create&#xA;Step Execution Failure: &#39;[assertion failed: &#xA;Command:  oc create -f /home/varadhya/workspace/src/github.com/release-tests/testdata/v1alpha1/pipelinerun/pipelineruns.yaml -n releasetest-79xkl&#xA;ExitCode: 1&#xA;Error:    exit status 1&#xA;Stdout:   &#xA;Stderr:   error: the path &#34;/home/varadhya/workspace/src/github.com/release-tests/testdata/v1alpha1/pipelinerun/pipelineruns.yaml&#34; does not exist&#xA;&#xA;&#xA;Failures:&#xA;ExitCode was 1 expected 0&#xA;Expected no error]&#39;">&#x9;/home/varadhya/workspace/pkg/mod/github.com/getgauge-contrib/gauge-go@v0.1.4/testsuit/testing.go:39&#xA;github.com/openshift-pipelines/release-tests/pkg/cmd.testsuitAdaptor.Log(...)&#xA;&#x9;/home/varadhya/workspace/src/github.com/release-tests/pkg/cmd/cmd.go:33&#xA;gotest.tools/v3/internal/assert.RunComparison(0x7fdda4249088, 0x31e7750, 0x20fa188, 0xc000da6730, 0x0, 0x0, 0x0, 0x7fddcc74b2f0)&#xA;&#x9;/home/varadhya/workspace/pkg/mod/gotest.tools/v3@v3.0.3/internal/assert/result.go:43 +0x22c&#xA;gotest.tools/v3/internal/assert.Eval(0x7fdda4249088, 0x31e7750, 0x20fa188, 0x1cd2280, 0xc000da6730, 0x0, 0x0, 0x0, 0x0)&#xA;&#x9;/home/varadhya/workspace/pkg/mod/gotest.tools/v3@v3.0.3/internal/assert/assert.go:56 +0x1e8&#xA;gotest.tools/v3/assert.Assert(0x231d660, 0x31e7750, 0x1cd2280, 0xc000da6730, 0x0, 0x0, 0x0)&#xA;&#x9;/home/varadhya/workspace/pkg/mod/gotest.tools/v3@v3.0.3/assert/assert.go:105 +0xda&#xA;gotest.tools/v3/icmd.(*Result).Assert(0xc000e0fec0, 0x231d660, 0x31e7750, 0x0, 0x0, 0x0, 0x0, 0x0, 0x0, 0x0, ...)&#xA;&#x9;/home/varadhya/workspace/pkg/mod/gotest.tools/v3@v3.0.3/icmd/command.go:62 +0xd8&#xA;github.com/openshift-pipelines/release-tests/pkg/cmd.Assert(0x0, 0x0, 0x0, 0x0, 0x0, 0x0, 0x0, 0x0, 0xc000ddc960, 0x6, ...)&#xA;&#x9;/home/varadhya/workspace/src/github.com/release-tests/pkg/cmd/cmd.go:49 +0x10a&#xA;github.com/openshift-pipelines/release-tests/pkg/cmd.MustSucceed(...)&#xA;&#x9;/home/varadhya/workspace/src/github.com/release-tests/pkg/cmd/cmd.go:42&#xA;github.com/openshift-pipelines/release-tests/pkg/oc.Create(0xc0006e0810, 0x2f, 0xc000880540, 0x11)&#xA;&#x9;/home/varadhya/workspace/src/github.com/release-tests/pkg/oc/oc.go:13 +0x185&#xA;github.com/openshift-pipelines/release-tests/steps/cli.glob..func1(0xc0004f3ae0)&#xA;&#x9;/home/varadhya/workspace/src/github.com/release-tests/steps/cli/oc.go:13 +0x65&#xA;reflect.Value.call(0x1c5af60, 0x20f85a0, 0x13, 0x201800f, 0x4, 0xc0004f3b60, 0x1, 0x1, 0x609d79e3, 0xc000e9fc38, ...)&#xA;&#x9;/usr/local/go/src/reflect/value.go:476 +0x8c7&#xA;reflect.Value.Call(0x1c5af60, 0x20f85a0, 0x13, 0xc0004f3b60, 0x1, 0x1, 0xc0002dcc00, 0x1, 0x1)&#xA;&#x9;/usr/local/go/src/reflect/value.go:337 +0xb9&#xA;github.com/getgauge-contrib/gauge-go/testsuit.executeFunc(0x1c5af60, 0x20f85a0, 0x13, 0xc0002dcc00, 0x1, 0x1, 0xc0002e2930)&#xA;&#x9;/home/varadhya/workspace/pkg/mod/github.com/getgauge-contrib/gauge-go@v0.1.4/testsuit/funcExecutor.go:46 +0x245&#xA;github.com/getgauge-contrib/gauge-go/testsuit.(*Step).Execute(0xc0004f3ac0, 0xc0002dcc00, 0x1, 0x1, 0x0)&#xA;&#x9;/home/varadhya/workspace/pkg/mod/github.com/getgauge-contrib/gauge-go@v0.1.4/testsuit/step.go:17 +0xbc&#xA;github.com/getgauge-contrib/gauge-go/messageprocessors.(*ExecuteStepProcessor).Process(0x31e7750, 0xc0008be4b0, 0xc00010e060, 0xc00011c278)&#xA;&#x9;/home/varadhya/workspace/pkg/mod/github.com/getgauge-contrib/gauge-go@v0.1.4/messageprocessors/ExecuteStepProcessor.go:20 +0x93&#xA;github.com/getgauge-contrib/gauge-go/gauge.Run()&#xA;&#x9;/home/varadhya/workspace/pkg/mod/github.com/getgauge-contrib/gauge-go@v0.1.4/gauge/runner.go:219 +0x2ae&#xA;command-line-arguments.init.0()&#xA;&#x9;/tmp/gauge_temp1620933052933259604/gauge_test.go:28 +0x25&#xA;</failure>
		</testcase>
		<testcase classname="Verify Pipeline E2E spec" name="Conditional pipeline run: P-01-TC02" time="53.137"></testcase>
		<testcase classname="Verify Pipeline E2E spec" name="Conditional pipeline runs without optional resources: P-01-TC03" time="33.767"></testcase>
		<testcase classname="Verify Pipeline E2E spec" name="Pipelinerun Timeout failure Test: P-01-TC04" time="19.130"></testcase>
		<testcase classname="Verify Pipeline E2E spec" name="Configure execution results at the Task level Test: P-01-TC05" time="26.608"></testcase>
		<testcase classname="Verify Pipeline E2E spec" name="Cancel pipelinerun Test: P-01-TC06" time="14.113"></testcase>
		<testcase classname="Verify Pipeline E2E spec" name="Pipelinerun with pipelinespec and taskspec(embedded pipelinerun tests): P-01-TC07" time="7.784"></testcase>
		<system-out></system-out>
		<system-err></system-err>
	</testsuite>
</testsuites>